<?xml version="1.0" encoding="UTF-8"?>
<!-- Generated by org.testng.reporters.JUnitReportReporter -->
<testsuite hostname="DESKTOP-O22GI60" failures="0" tests="1" name="runner.TestRunner" time="9.257" errors="0" timestamp="2022-08-17T21:27:19 EET" skipped="0">
  <testcase classname="runner.TestRunner" name="runScenario" time="9.257"/>
  <system-out/>
</testsuite> <!-- runner.TestRunner -->
